<!DOCTYPE html>
<html>
<head>
<meta http-equiv="Content-Type" content="text/html; charset=utf-8"/>
<meta http-equiv="x-ua-compatible" content="IE=edge"/>
<title>Test results - Class com.bbcnews.automation.scripts.BBCNewsRegressionTestKotlin</title>
<link href="../css/base-style.css" rel="stylesheet" type="text/css"/>
<link href="../css/style.css" rel="stylesheet" type="text/css"/>
<script src="../js/report.js" type="text/javascript"></script>
</head>
<body>
<div id="content">
<h1>Class com.bbcnews.automation.scripts.BBCNewsRegressionTestKotlin</h1>
<div class="breadcrumbs">
<a href="../index.html">all</a> &gt; 
<a href="../packages/com.bbcnews.automation.scripts.html">com.bbcnews.automation.scripts</a> &gt; BBCNewsRegressionTestKotlin</div>
<div id="summary">
<table>
<tr>
<td>
<div class="summaryGroup">
<table>
<tr>
<td>
<div class="infoBox" id="tests">
<div class="counter">40</div>
<p>tests</p>
</div>
</td>
<td>
<div class="infoBox" id="failures">
<div class="counter">2</div>
<p>failures</p>
</div>
</td>
<td>
<div class="infoBox" id="ignored">
<div class="counter">0</div>
<p>ignored</p>
</div>
</td>
<td>
<div class="infoBox" id="duration">
<div class="counter">11m48.93s</div>
<p>duration</p>
</div>
</td>
</tr>
</table>
</div>
</td>
<td>
<div class="infoBox failures" id="successRate">
<div class="percent">95%</div>
<p>successful</p>
</div>
</td>
</tr>
</table>
</div>
<div id="tabs">
<ul class="tabLinks">
<li>
<a href="#tab0">Failed tests</a>
</li>
<li>
<a href="#tab1">Tests</a>
</li>
<li>
<a href="#tab2">Standard output</a>
</li>
</ul>
<div id="tab0" class="tab">
<h2>Failed tests</h2>
<div class="test">
<a name="testArrangeTopicsFromBottomToTop"></a>
<h3 class="failures">testArrangeTopicsFromBottomToTop</h3>
<span class="code">
<pre>java.lang.IndexOutOfBoundsException: Index: 5, Size: 5
	at java.util.ArrayList.rangeCheck(ArrayList.java:657)
	at java.util.ArrayList.get(ArrayList.java:433)
	at com.bbcnews.automation.scripts.BBCNewsRegressionTestKotlin.testArrangeTopicsFromBottomToTop(BBCNewsRegressionTestKotlin.kt:918)
	at sun.reflect.NativeMethodAccessorImpl.invoke0(Native Method)
	at sun.reflect.NativeMethodAccessorImpl.invoke(NativeMethodAccessorImpl.java:62)
	at sun.reflect.DelegatingMethodAccessorImpl.invoke(DelegatingMethodAccessorImpl.java:43)
	at java.lang.reflect.Method.invoke(Method.java:498)
	at org.testng.internal.MethodInvocationHelper.invokeMethod(MethodInvocationHelper.java:124)
	at org.testng.internal.Invoker.invokeMethod(Invoker.java:583)
	at org.testng.internal.Invoker.invokeTestMethod(Invoker.java:719)
	at org.testng.internal.Invoker.invokeTestMethods(Invoker.java:989)
	at org.testng.internal.TestMethodWorker.invokeTestMethods(TestMethodWorker.java:125)
	at org.testng.internal.TestMethodWorker.run(TestMethodWorker.java:109)
	at org.testng.TestRunner.privateRun(TestRunner.java:648)
	at org.testng.TestRunner.run(TestRunner.java:505)
	at org.testng.SuiteRunner.runTest(SuiteRunner.java:455)
	at org.testng.SuiteRunner.runSequentially(SuiteRunner.java:450)
	at org.testng.SuiteRunner.privateRun(SuiteRunner.java:415)
	at org.testng.SuiteRunner.run(SuiteRunner.java:364)
	at org.testng.SuiteRunnerWorker.runSuite(SuiteRunnerWorker.java:52)
	at org.testng.SuiteRunnerWorker.run(SuiteRunnerWorker.java:84)
	at org.testng.TestNG.runSuitesSequentially(TestNG.java:1208)
	at org.testng.TestNG.runSuitesLocally(TestNG.java:1137)
	at org.testng.TestNG.runSuites(TestNG.java:1049)
	at org.testng.TestNG.run(TestNG.java:1017)
	at org.gradle.api.internal.tasks.testing.testng.TestNGTestClassProcessor.runTests(TestNGTestClassProcessor.java:139)
	at org.gradle.api.internal.tasks.testing.testng.TestNGTestClassProcessor.stop(TestNGTestClassProcessor.java:89)
	at org.gradle.api.internal.tasks.testing.SuiteTestClassProcessor.stop(SuiteTestClassProcessor.java:61)
	at sun.reflect.NativeMethodAccessorImpl.invoke0(Native Method)
	at sun.reflect.NativeMethodAccessorImpl.invoke(NativeMethodAccessorImpl.java:62)
	at sun.reflect.DelegatingMethodAccessorImpl.invoke(DelegatingMethodAccessorImpl.java:43)
	at java.lang.reflect.Method.invoke(Method.java:498)
	at org.gradle.internal.dispatch.ReflectionDispatch.dispatch(ReflectionDispatch.java:35)
	at org.gradle.internal.dispatch.ReflectionDispatch.dispatch(ReflectionDispatch.java:24)
	at org.gradle.internal.dispatch.ContextClassLoaderDispatch.dispatch(ContextClassLoaderDispatch.java:32)
	at org.gradle.internal.dispatch.ProxyDispatchAdapter$DispatchingInvocationHandler.invoke(ProxyDispatchAdapter.java:93)
	at com.sun.proxy.$Proxy2.stop(Unknown Source)
	at org.gradle.api.internal.tasks.testing.worker.TestWorker.stop(TestWorker.java:131)
	at sun.reflect.NativeMethodAccessorImpl.invoke0(Native Method)
	at sun.reflect.NativeMethodAccessorImpl.invoke(NativeMethodAccessorImpl.java:62)
	at sun.reflect.DelegatingMethodAccessorImpl.invoke(DelegatingMethodAccessorImpl.java:43)
	at java.lang.reflect.Method.invoke(Method.java:498)
	at org.gradle.internal.dispatch.ReflectionDispatch.dispatch(ReflectionDispatch.java:35)
	at org.gradle.internal.dispatch.ReflectionDispatch.dispatch(ReflectionDispatch.java:24)
	at org.gradle.internal.remote.internal.hub.MessageHubBackedObjectConnection$DispatchWrapper.dispatch(MessageHubBackedObjectConnection.java:155)
	at org.gradle.internal.remote.internal.hub.MessageHubBackedObjectConnection$DispatchWrapper.dispatch(MessageHubBackedObjectConnection.java:137)
	at org.gradle.internal.remote.internal.hub.MessageHub$Handler.run(MessageHub.java:404)
	at org.gradle.internal.concurrent.ExecutorPolicy$CatchAndRecordFailures.onExecute(ExecutorPolicy.java:63)
	at org.gradle.internal.concurrent.ManagedExecutorImpl$1.run(ManagedExecutorImpl.java:46)
	at java.util.concurrent.ThreadPoolExecutor.runWorker(ThreadPoolExecutor.java:1149)
	at java.util.concurrent.ThreadPoolExecutor$Worker.run(ThreadPoolExecutor.java:624)
	at org.gradle.internal.concurrent.ThreadFactoryImpl$ManagedThreadRunnable.run(ThreadFactoryImpl.java:55)
	at java.lang.Thread.run(Thread.java:748)
</pre>
</span>
</div>
<div class="test">
<a name="testSearchTopic"></a>
<h3 class="failures">testSearchTopic</h3>
<span class="code">
<pre>java.lang.AssertionError: expected ['Sex blackmail gang' victim's name revealed] but found [The women who fought to ban alcohol]
	at org.testng.Assert.fail(Assert.java:96)
	at org.testng.Assert.failNotEquals(Assert.java:776)
	at org.testng.Assert.assertEqualsImpl(Assert.java:137)
	at org.testng.Assert.assertEquals(Assert.java:118)
	at org.testng.Assert.assertEquals(Assert.java:453)
	at org.testng.Assert.assertEquals(Assert.java:463)
	at com.bbcnews.automation.scripts.BBCNewsRegressionTestKotlin.testSearchTopic(BBCNewsRegressionTestKotlin.kt:619)
	at sun.reflect.NativeMethodAccessorImpl.invoke0(Native Method)
	at sun.reflect.NativeMethodAccessorImpl.invoke(NativeMethodAccessorImpl.java:62)
	at sun.reflect.DelegatingMethodAccessorImpl.invoke(DelegatingMethodAccessorImpl.java:43)
	at java.lang.reflect.Method.invoke(Method.java:498)
	at org.testng.internal.MethodInvocationHelper.invokeMethod(MethodInvocationHelper.java:124)
	at org.testng.internal.Invoker.invokeMethod(Invoker.java:583)
	at org.testng.internal.Invoker.invokeTestMethod(Invoker.java:719)
	at org.testng.internal.Invoker.invokeTestMethods(Invoker.java:989)
	at org.testng.internal.TestMethodWorker.invokeTestMethods(TestMethodWorker.java:125)
	at org.testng.internal.TestMethodWorker.run(TestMethodWorker.java:109)
	at org.testng.TestRunner.privateRun(TestRunner.java:648)
	at org.testng.TestRunner.run(TestRunner.java:505)
	at org.testng.SuiteRunner.runTest(SuiteRunner.java:455)
	at org.testng.SuiteRunner.runSequentially(SuiteRunner.java:450)
	at org.testng.SuiteRunner.privateRun(SuiteRunner.java:415)
	at org.testng.SuiteRunner.run(SuiteRunner.java:364)
	at org.testng.SuiteRunnerWorker.runSuite(SuiteRunnerWorker.java:52)
	at org.testng.SuiteRunnerWorker.run(SuiteRunnerWorker.java:84)
	at org.testng.TestNG.runSuitesSequentially(TestNG.java:1208)
	at org.testng.TestNG.runSuitesLocally(TestNG.java:1137)
	at org.testng.TestNG.runSuites(TestNG.java:1049)
	at org.testng.TestNG.run(TestNG.java:1017)
	at org.gradle.api.internal.tasks.testing.testng.TestNGTestClassProcessor.runTests(TestNGTestClassProcessor.java:139)
	at org.gradle.api.internal.tasks.testing.testng.TestNGTestClassProcessor.stop(TestNGTestClassProcessor.java:89)
	at org.gradle.api.internal.tasks.testing.SuiteTestClassProcessor.stop(SuiteTestClassProcessor.java:61)
	at sun.reflect.NativeMethodAccessorImpl.invoke0(Native Method)
	at sun.reflect.NativeMethodAccessorImpl.invoke(NativeMethodAccessorImpl.java:62)
	at sun.reflect.DelegatingMethodAccessorImpl.invoke(DelegatingMethodAccessorImpl.java:43)
	at java.lang.reflect.Method.invoke(Method.java:498)
	at org.gradle.internal.dispatch.ReflectionDispatch.dispatch(ReflectionDispatch.java:35)
	at org.gradle.internal.dispatch.ReflectionDispatch.dispatch(ReflectionDispatch.java:24)
	at org.gradle.internal.dispatch.ContextClassLoaderDispatch.dispatch(ContextClassLoaderDispatch.java:32)
	at org.gradle.internal.dispatch.ProxyDispatchAdapter$DispatchingInvocationHandler.invoke(ProxyDispatchAdapter.java:93)
	at com.sun.proxy.$Proxy2.stop(Unknown Source)
	at org.gradle.api.internal.tasks.testing.worker.TestWorker.stop(TestWorker.java:131)
	at sun.reflect.NativeMethodAccessorImpl.invoke0(Native Method)
	at sun.reflect.NativeMethodAccessorImpl.invoke(NativeMethodAccessorImpl.java:62)
	at sun.reflect.DelegatingMethodAccessorImpl.invoke(DelegatingMethodAccessorImpl.java:43)
	at java.lang.reflect.Method.invoke(Method.java:498)
	at org.gradle.internal.dispatch.ReflectionDispatch.dispatch(ReflectionDispatch.java:35)
	at org.gradle.internal.dispatch.ReflectionDispatch.dispatch(ReflectionDispatch.java:24)
	at org.gradle.internal.remote.internal.hub.MessageHubBackedObjectConnection$DispatchWrapper.dispatch(MessageHubBackedObjectConnection.java:155)
	at org.gradle.internal.remote.internal.hub.MessageHubBackedObjectConnection$DispatchWrapper.dispatch(MessageHubBackedObjectConnection.java:137)
	at org.gradle.internal.remote.internal.hub.MessageHub$Handler.run(MessageHub.java:404)
	at org.gradle.internal.concurrent.ExecutorPolicy$CatchAndRecordFailures.onExecute(ExecutorPolicy.java:63)
	at org.gradle.internal.concurrent.ManagedExecutorImpl$1.run(ManagedExecutorImpl.java:46)
	at java.util.concurrent.ThreadPoolExecutor.runWorker(ThreadPoolExecutor.java:1149)
	at java.util.concurrent.ThreadPoolExecutor$Worker.run(ThreadPoolExecutor.java:624)
	at org.gradle.internal.concurrent.ThreadFactoryImpl$ManagedThreadRunnable.run(ThreadFactoryImpl.java:55)
	at java.lang.Thread.run(Thread.java:748)
</pre>
</span>
</div>
</div>
<div id="tab1" class="tab">
<h2>Tests</h2>
<table>
<thead>
<tr>
<th>Test</th>
<th>Duration</th>
<th>Result</th>
</tr>
</thead>
<tr>
<td class="success">playingLandspace</td>
<td class="success">12.255s</td>
<td class="success">passed</td>
</tr>
<tr>
<td class="success">scrubbingvideoplayback</td>
<td class="success">5.966s</td>
<td class="success">passed</td>
</tr>
<tr>
<td class="success">testAddingTopicsPage</td>
<td class="success">16.874s</td>
<td class="success">passed</td>
</tr>
<tr>
<td class="success">testAddingTopicstoMyNewsPage</td>
<td class="success">53.407s</td>
<td class="success">passed</td>
</tr>
<tr>
<td class="success">testAllowLocation</td>
<td class="success">11.737s</td>
<td class="success">passed</td>
</tr>
<tr>
<td class="success">testAppbackground</td>
<td class="success">35.527s</td>
<td class="success">passed</td>
</tr>
<tr>
<td class="failures">testArrangeTopicsFromBottomToTop</td>
<td class="failures">7.398s</td>
<td class="failures">failed</td>
</tr>
<tr>
<td class="success">testArtictleItemWithItemBadge</td>
<td class="success">19.060s</td>
<td class="success">passed</td>
</tr>
<tr>
<td class="success">testArtictleItemWithoutItemBadge</td>
<td class="success">9.184s</td>
<td class="success">passed</td>
</tr>
<tr>
<td class="success">testCheckAddedTopics</td>
<td class="success">15.315s</td>
<td class="success">passed</td>
</tr>
<tr>
<td class="success">testCheckMostReadPopular</td>
<td class="success">7.739s</td>
<td class="success">passed</td>
</tr>
<tr>
<td class="success">testCheckOrderingofTopicsAdded</td>
<td class="success">3.678s</td>
<td class="success">passed</td>
</tr>
<tr>
<td class="success">testCheckReOrderingofTopicsAdded</td>
<td class="success">17.996s</td>
<td class="success">passed</td>
</tr>
<tr>
<td class="success">testMyNews</td>
<td class="success">5.916s</td>
<td class="success">passed</td>
</tr>
<tr>
<td class="success">testMyNewsTopStoriesTopics</td>
<td class="success">16.343s</td>
<td class="success">passed</td>
</tr>
<tr>
<td class="success">testOpenNewsApp</td>
<td class="success">4.761s</td>
<td class="success">passed</td>
</tr>
<tr>
<td class="success">testPlayingVideoOnLine</td>
<td class="success">13.010s</td>
<td class="success">passed</td>
</tr>
<tr>
<td class="success">testPopularPage</td>
<td class="success">8.807s</td>
<td class="success">passed</td>
</tr>
<tr>
<td class="success">testRelatedStoriesArticle</td>
<td class="success">28.832s</td>
<td class="success">passed</td>
</tr>
<tr>
<td class="success">testRelatedTopicArticle</td>
<td class="success">19.219s</td>
<td class="success">passed</td>
</tr>
<tr>
<td class="success">testSearchArticle</td>
<td class="success">15.721s</td>
<td class="success">passed</td>
</tr>
<tr>
<td class="success">testSearchStories</td>
<td class="success">15.928s</td>
<td class="success">passed</td>
</tr>
<tr>
<td class="failures">testSearchTopic</td>
<td class="failures">8.512s</td>
<td class="failures">failed</td>
</tr>
<tr>
<td class="success">testSelectArticleTopic</td>
<td class="success">12.272s</td>
<td class="success">passed</td>
</tr>
<tr>
<td class="success">testSelectSearchResult</td>
<td class="success">15.962s</td>
<td class="success">passed</td>
</tr>
<tr>
<td class="success">testSelectVideoArticleTopic</td>
<td class="success">18.661s</td>
<td class="success">passed</td>
</tr>
<tr>
<td class="success">testSelectedAddedTopics</td>
<td class="success">34.865s</td>
<td class="success">passed</td>
</tr>
<tr>
<td class="success">testToCheckTopicsTopStores</td>
<td class="success">1m22.89s</td>
<td class="success">passed</td>
</tr>
<tr>
<td class="success">testTopStories</td>
<td class="success">18.911s</td>
<td class="success">passed</td>
</tr>
<tr>
<td class="success">testTopStoriesvideo</td>
<td class="success">12.130s</td>
<td class="success">passed</td>
</tr>
<tr>
<td class="success">testVideopage</td>
<td class="success">30.554s</td>
<td class="success">passed</td>
</tr>
<tr>
<td class="success">testcheckMenuItems</td>
<td class="success">24.698s</td>
<td class="success">passed</td>
</tr>
<tr>
<td class="success">testcheckMostWatched</td>
<td class="success">13.056s</td>
<td class="success">passed</td>
</tr>
<tr>
<td class="success">testcheckMostWatchedArticle</td>
<td class="success">6.096s</td>
<td class="success">passed</td>
</tr>
<tr>
<td class="success">testcheckTermsPrivacyPolicy</td>
<td class="success">19.902s</td>
<td class="success">passed</td>
</tr>
<tr>
<td class="success">testcheckofflinescenario</td>
<td class="success">8.736s</td>
<td class="success">passed</td>
</tr>
<tr>
<td class="success">testondemandvideoplyback</td>
<td class="success">9.536s</td>
<td class="success">passed</td>
</tr>
<tr>
<td class="success">testplayingvideooffline</td>
<td class="success">41.234s</td>
<td class="success">passed</td>
</tr>
<tr>
<td class="success">testseekingvideobackward</td>
<td class="success">2.136s</td>
<td class="success">passed</td>
</tr>
<tr>
<td class="success">testseekingvideoforward</td>
<td class="success">4.109s</td>
<td class="success">passed</td>
</tr>
</table>
</div>
<div id="tab2" class="tab">
<h2>Standard output</h2>
<span class="code">
<pre>on test method testOpenNewsApp start
on test method testTopStories start
on test method testToCheckTopicsTopStores start
Topics is :-Family &amp; Education
The Topic is Technology
Topics is :-Technology
on test method testMyNewsTopStoriesTopics start
on test method testAllowLocation start
on test method testMyNews start
on test method testAddingTopicsPage start
on test method testAddingTopicstoMyNewsPage start
on test method testCheckAddedTopics start
on test method testCheckOrderingofTopicsAdded start
The Text at get(0) is England
The Text at get(1) is Africa
The Text at get(2) is European Union
The Text at get(3) is Mortgages
The Text at get(4) is YouTube
on test method testSelectedAddedTopics start
on test method testCheckReOrderingofTopicsAdded start
The Text at get(3) is England
The Text at get(0) is Africa
on test method testcheckMenuItems start
on test method testVideopage start
on test method playingLandspace start
on test method scrubbingvideoplayback start
on test method testSearchStories start
on test method testSelectSearchResult start
on test method testSearchTopic start
on test method testArtictleItemWithoutItemBadge start
on test method testArtictleItemWithItemBadge start
on test method testSearchArticle start
on test method testondemandvideoplyback start
on test method testseekingvideoforward start
on test method testseekingvideobackward start
on test method testRelatedStoriesArticle start
on test method testRelatedTopicArticle start
on test method testcheckTermsPrivacyPolicy start
on test method testTopStoriesvideo start
on test method testAppbackground start
on test method testPopularPage start
on test method testCheckMostReadPopular start
on test method testcheckMostWatched start
on test method testcheckMostWatchedArticle start
The Element selected is  :- 2
on test method testArrangeTopicsFromBottomToTop start
on test method testcheckofflinescenario start
on test method testplayingvideooffline start
The Connection state is true
on test method testPlayingVideoOnLine start
on test method testSelectArticleTopic start
on test method testSelectVideoArticleTopic start
</pre>
</span>
</div>
</div>
<div id="footer">
<p>
<div>
<label class="hidden" id="label-for-line-wrapping-toggle" for="line-wrapping-toggle">Wrap lines
<input id="line-wrapping-toggle" type="checkbox" autocomplete="off"/>
</label>
</div>Generated by 
<a href="http://www.gradle.org">Gradle 4.10</a> at 15-Mar-2019 11:33:53</p>
</div>
</div>
</body>
</html>
