<?xml version="1.0" encoding="UTF-8"?>
<!-- Generated by org.testng.reporters.JUnitReportReporter -->
<testsuite skipped="0" hostname="mc-s097627.local" name="com.bbcnews.automation.scripts.BBCNewsRegressionTestKotlin" tests="40" failures="1" timestamp="15 Mar 2019 11:33:53 GMT" time="711.901" errors="1">
  <testcase name="testOpenNewsApp" time="4.764" classname="com.bbcnews.automation.scripts.BBCNewsRegressionTestKotlin"/>
  <testcase name="testTopStories" time="18.911" classname="com.bbcnews.automation.scripts.BBCNewsRegressionTestKotlin"/>
  <testcase name="testToCheckTopicsTopStores" time="82.889" classname="com.bbcnews.automation.scripts.BBCNewsRegressionTestKotlin"/>
  <testcase name="testMyNewsTopStoriesTopics" time="16.344" classname="com.bbcnews.automation.scripts.BBCNewsRegressionTestKotlin"/>
  <testcase name="testAllowLocation" time="11.738" classname="com.bbcnews.automation.scripts.BBCNewsRegressionTestKotlin"/>
  <testcase name="testMyNews" time="5.917" classname="com.bbcnews.automation.scripts.BBCNewsRegressionTestKotlin"/>
  <testcase name="testAddingTopicsPage" time="16.875" classname="com.bbcnews.automation.scripts.BBCNewsRegressionTestKotlin"/>
  <testcase name="testAddingTopicstoMyNewsPage" time="53.408" classname="com.bbcnews.automation.scripts.BBCNewsRegressionTestKotlin"/>
  <testcase name="testCheckAddedTopics" time="15.316" classname="com.bbcnews.automation.scripts.BBCNewsRegressionTestKotlin"/>
  <testcase name="testCheckOrderingofTopicsAdded" time="3.679" classname="com.bbcnews.automation.scripts.BBCNewsRegressionTestKotlin"/>
  <testcase name="testSelectedAddedTopics" time="34.866" classname="com.bbcnews.automation.scripts.BBCNewsRegressionTestKotlin"/>
  <testcase name="testCheckReOrderingofTopicsAdded" time="17.998" classname="com.bbcnews.automation.scripts.BBCNewsRegressionTestKotlin"/>
  <testcase name="testcheckMenuItems" time="24.699" classname="com.bbcnews.automation.scripts.BBCNewsRegressionTestKotlin"/>
  <testcase name="testVideopage" time="30.555" classname="com.bbcnews.automation.scripts.BBCNewsRegressionTestKotlin"/>
  <testcase name="playingLandspace" time="12.256" classname="com.bbcnews.automation.scripts.BBCNewsRegressionTestKotlin"/>
  <testcase name="scrubbingvideoplayback" time="6.555" classname="com.bbcnews.automation.scripts.BBCNewsRegressionTestKotlin"/>
  <testcase name="testSearchStories" time="15.929" classname="com.bbcnews.automation.scripts.BBCNewsRegressionTestKotlin"/>
  <testcase name="testSelectSearchResult" time="15.963" classname="com.bbcnews.automation.scripts.BBCNewsRegressionTestKotlin"/>
  <testcase name="testSearchTopic" time="8.512" classname="com.bbcnews.automation.scripts.BBCNewsRegressionTestKotlin">
    <failure type="java.lang.AssertionError" message="expected [&#039;Sex blackmail gang&#039; victim&#039;s name revealed] but found [The women who fought to ban alcohol]">
      <![CDATA[java.lang.AssertionError: expected ['Sex blackmail gang' victim's name revealed] but found [The women who fought to ban alcohol]
at org.testng.Assert.fail(Assert.java:96)
at org.testng.Assert.failNotEquals(Assert.java:776)
at org.testng.Assert.assertEqualsImpl(Assert.java:137)
at org.testng.Assert.assertEquals(Assert.java:118)
at org.testng.Assert.assertEquals(Assert.java:453)
at org.testng.Assert.assertEquals(Assert.java:463)
at com.bbcnews.automation.scripts.BBCNewsRegressionTestKotlin.testSearchTopic(BBCNewsRegressionTestKotlin.kt:619)
at sun.reflect.NativeMethodAccessorImpl.invoke0(Native Method)
at sun.reflect.NativeMethodAccessorImpl.invoke(NativeMethodAccessorImpl.java:62)
at sun.reflect.DelegatingMethodAccessorImpl.invoke(DelegatingMethodAccessorImpl.java:43)
at java.lang.reflect.Method.invoke(Method.java:498)
at org.testng.internal.MethodInvocationHelper.invokeMethod(MethodInvocationHelper.java:124)
at org.testng.internal.Invoker.invokeMethod(Invoker.java:583)
at org.testng.internal.Invoker.invokeTestMethod(Invoker.java:719)
at org.testng.internal.Invoker.invokeTestMethods(Invoker.java:989)
at org.testng.internal.TestMethodWorker.invokeTestMethods(TestMethodWorker.java:125)
at org.testng.internal.TestMethodWorker.run(TestMethodWorker.java:109)
at org.testng.TestRunner.privateRun(TestRunner.java:648)
at org.testng.TestRunner.run(TestRunner.java:505)
at org.testng.SuiteRunner.runTest(SuiteRunner.java:455)
at org.testng.SuiteRunner.runSequentially(SuiteRunner.java:450)
at org.testng.SuiteRunner.privateRun(SuiteRunner.java:415)
at org.testng.SuiteRunner.run(SuiteRunner.java:364)
at org.testng.SuiteRunnerWorker.runSuite(SuiteRunnerWorker.java:52)
at org.testng.SuiteRunnerWorker.run(SuiteRunnerWorker.java:84)
at org.testng.TestNG.runSuitesSequentially(TestNG.java:1208)
at org.testng.TestNG.runSuitesLocally(TestNG.java:1137)
at org.testng.TestNG.runSuites(TestNG.java:1049)
at org.testng.TestNG.run(TestNG.java:1017)
at org.gradle.api.internal.tasks.testing.testng.TestNGTestClassProcessor.runTests(TestNGTestClassProcessor.java:139)
at org.gradle.api.internal.tasks.testing.testng.TestNGTestClassProcessor.stop(TestNGTestClassProcessor.java:89)
at org.gradle.api.internal.tasks.testing.SuiteTestClassProcessor.stop(SuiteTestClassProcessor.java:61)
at sun.reflect.NativeMethodAccessorImpl.invoke0(Native Method)
at sun.reflect.NativeMethodAccessorImpl.invoke(NativeMethodAccessorImpl.java:62)
at sun.reflect.DelegatingMethodAccessorImpl.invoke(DelegatingMethodAccessorImpl.java:43)
at java.lang.reflect.Method.invoke(Method.java:498)
at org.gradle.internal.dispatch.ReflectionDispatch.dispatch(ReflectionDispatch.java:35)
at org.gradle.internal.dispatch.ReflectionDispatch.dispatch(ReflectionDispatch.java:24)
at org.gradle.internal.dispatch.ContextClassLoaderDispatch.dispatch(ContextClassLoaderDispatch.java:32)
at org.gradle.internal.dispatch.ProxyDispatchAdapter$DispatchingInvocationHandler.invoke(ProxyDispatchAdapter.java:93)
at com.sun.proxy.$Proxy2.stop(Unknown Source)
at org.gradle.api.internal.tasks.testing.worker.TestWorker.stop(TestWorker.java:131)
at sun.reflect.NativeMethodAccessorImpl.invoke0(Native Method)
at sun.reflect.NativeMethodAccessorImpl.invoke(NativeMethodAccessorImpl.java:62)
at sun.reflect.DelegatingMethodAccessorImpl.invoke(DelegatingMethodAccessorImpl.java:43)
at java.lang.reflect.Method.invoke(Method.java:498)
at org.gradle.internal.dispatch.ReflectionDispatch.dispatch(ReflectionDispatch.java:35)
at org.gradle.internal.dispatch.ReflectionDispatch.dispatch(ReflectionDispatch.java:24)
at org.gradle.internal.remote.internal.hub.MessageHubBackedObjectConnection$DispatchWrapper.dispatch(MessageHubBackedObjectConnection.java:155)
at org.gradle.internal.remote.internal.hub.MessageHubBackedObjectConnection$DispatchWrapper.dispatch(MessageHubBackedObjectConnection.java:137)
at org.gradle.internal.remote.internal.hub.MessageHub$Handler.run(MessageHub.java:404)
at org.gradle.internal.concurrent.ExecutorPolicy$CatchAndRecordFailures.onExecute(ExecutorPolicy.java:63)
at org.gradle.internal.concurrent.ManagedExecutorImpl$1.run(ManagedExecutorImpl.java:46)
at java.util.concurrent.ThreadPoolExecutor.runWorker(ThreadPoolExecutor.java:1149)
at java.util.concurrent.ThreadPoolExecutor$Worker.run(ThreadPoolExecutor.java:624)
at org.gradle.internal.concurrent.ThreadFactoryImpl$ManagedThreadRunnable.run(ThreadFactoryImpl.java:55)
at java.lang.Thread.run(Thread.java:748)
]]>
    </failure>
  </testcase> <!-- testSearchTopic -->
  <testcase name="testArtictleItemWithoutItemBadge" time="9.185" classname="com.bbcnews.automation.scripts.BBCNewsRegressionTestKotlin"/>
  <testcase name="testArtictleItemWithItemBadge" time="19.062" classname="com.bbcnews.automation.scripts.BBCNewsRegressionTestKotlin"/>
  <testcase name="testSearchArticle" time="15.722" classname="com.bbcnews.automation.scripts.BBCNewsRegressionTestKotlin"/>
  <testcase name="testondemandvideoplyback" time="9.537" classname="com.bbcnews.automation.scripts.BBCNewsRegressionTestKotlin"/>
  <testcase name="testseekingvideoforward" time="4.110" classname="com.bbcnews.automation.scripts.BBCNewsRegressionTestKotlin"/>
  <testcase name="testseekingvideobackward" time="2.137" classname="com.bbcnews.automation.scripts.BBCNewsRegressionTestKotlin"/>
  <testcase name="testRelatedStoriesArticle" time="28.833" classname="com.bbcnews.automation.scripts.BBCNewsRegressionTestKotlin"/>
  <testcase name="testRelatedTopicArticle" time="19.220" classname="com.bbcnews.automation.scripts.BBCNewsRegressionTestKotlin"/>
  <testcase name="testcheckTermsPrivacyPolicy" time="19.904" classname="com.bbcnews.automation.scripts.BBCNewsRegressionTestKotlin"/>
  <testcase name="testTopStoriesvideo" time="12.133" classname="com.bbcnews.automation.scripts.BBCNewsRegressionTestKotlin"/>
  <testcase name="testAppbackground" time="35.528" classname="com.bbcnews.automation.scripts.BBCNewsRegressionTestKotlin"/>
  <testcase name="testPopularPage" time="8.808" classname="com.bbcnews.automation.scripts.BBCNewsRegressionTestKotlin"/>
  <testcase name="testCheckMostReadPopular" time="7.739" classname="com.bbcnews.automation.scripts.BBCNewsRegressionTestKotlin"/>
  <testcase name="testcheckMostWatched" time="15.395" classname="com.bbcnews.automation.scripts.BBCNewsRegressionTestKotlin"/>
  <testcase name="testcheckMostWatchedArticle" time="6.097" classname="com.bbcnews.automation.scripts.BBCNewsRegressionTestKotlin"/>
  <testcase name="testArrangeTopicsFromBottomToTop" time="7.399" classname="com.bbcnews.automation.scripts.BBCNewsRegressionTestKotlin">
    <error type="java.lang.IndexOutOfBoundsException" message="Index: 5, Size: 5">
      <![CDATA[java.lang.IndexOutOfBoundsException: Index: 5, Size: 5
at java.util.ArrayList.rangeCheck(ArrayList.java:657)
at java.util.ArrayList.get(ArrayList.java:433)
at com.bbcnews.automation.scripts.BBCNewsRegressionTestKotlin.testArrangeTopicsFromBottomToTop(BBCNewsRegressionTestKotlin.kt:918)
at sun.reflect.NativeMethodAccessorImpl.invoke0(Native Method)
at sun.reflect.NativeMethodAccessorImpl.invoke(NativeMethodAccessorImpl.java:62)
at sun.reflect.DelegatingMethodAccessorImpl.invoke(DelegatingMethodAccessorImpl.java:43)
at java.lang.reflect.Method.invoke(Method.java:498)
at org.testng.internal.MethodInvocationHelper.invokeMethod(MethodInvocationHelper.java:124)
at org.testng.internal.Invoker.invokeMethod(Invoker.java:583)
at org.testng.internal.Invoker.invokeTestMethod(Invoker.java:719)
at org.testng.internal.Invoker.invokeTestMethods(Invoker.java:989)
at org.testng.internal.TestMethodWorker.invokeTestMethods(TestMethodWorker.java:125)
at org.testng.internal.TestMethodWorker.run(TestMethodWorker.java:109)
at org.testng.TestRunner.privateRun(TestRunner.java:648)
at org.testng.TestRunner.run(TestRunner.java:505)
at org.testng.SuiteRunner.runTest(SuiteRunner.java:455)
at org.testng.SuiteRunner.runSequentially(SuiteRunner.java:450)
at org.testng.SuiteRunner.privateRun(SuiteRunner.java:415)
at org.testng.SuiteRunner.run(SuiteRunner.java:364)
at org.testng.SuiteRunnerWorker.runSuite(SuiteRunnerWorker.java:52)
at org.testng.SuiteRunnerWorker.run(SuiteRunnerWorker.java:84)
at org.testng.TestNG.runSuitesSequentially(TestNG.java:1208)
at org.testng.TestNG.runSuitesLocally(TestNG.java:1137)
at org.testng.TestNG.runSuites(TestNG.java:1049)
at org.testng.TestNG.run(TestNG.java:1017)
at org.gradle.api.internal.tasks.testing.testng.TestNGTestClassProcessor.runTests(TestNGTestClassProcessor.java:139)
at org.gradle.api.internal.tasks.testing.testng.TestNGTestClassProcessor.stop(TestNGTestClassProcessor.java:89)
at org.gradle.api.internal.tasks.testing.SuiteTestClassProcessor.stop(SuiteTestClassProcessor.java:61)
at sun.reflect.NativeMethodAccessorImpl.invoke0(Native Method)
at sun.reflect.NativeMethodAccessorImpl.invoke(NativeMethodAccessorImpl.java:62)
at sun.reflect.DelegatingMethodAccessorImpl.invoke(DelegatingMethodAccessorImpl.java:43)
at java.lang.reflect.Method.invoke(Method.java:498)
at org.gradle.internal.dispatch.ReflectionDispatch.dispatch(ReflectionDispatch.java:35)
at org.gradle.internal.dispatch.ReflectionDispatch.dispatch(ReflectionDispatch.java:24)
at org.gradle.internal.dispatch.ContextClassLoaderDispatch.dispatch(ContextClassLoaderDispatch.java:32)
at org.gradle.internal.dispatch.ProxyDispatchAdapter$DispatchingInvocationHandler.invoke(ProxyDispatchAdapter.java:93)
at com.sun.proxy.$Proxy2.stop(Unknown Source)
at org.gradle.api.internal.tasks.testing.worker.TestWorker.stop(TestWorker.java:131)
at sun.reflect.NativeMethodAccessorImpl.invoke0(Native Method)
at sun.reflect.NativeMethodAccessorImpl.invoke(NativeMethodAccessorImpl.java:62)
at sun.reflect.DelegatingMethodAccessorImpl.invoke(DelegatingMethodAccessorImpl.java:43)
at java.lang.reflect.Method.invoke(Method.java:498)
at org.gradle.internal.dispatch.ReflectionDispatch.dispatch(ReflectionDispatch.java:35)
at org.gradle.internal.dispatch.ReflectionDispatch.dispatch(ReflectionDispatch.java:24)
at org.gradle.internal.remote.internal.hub.MessageHubBackedObjectConnection$DispatchWrapper.dispatch(MessageHubBackedObjectConnection.java:155)
at org.gradle.internal.remote.internal.hub.MessageHubBackedObjectConnection$DispatchWrapper.dispatch(MessageHubBackedObjectConnection.java:137)
at org.gradle.internal.remote.internal.hub.MessageHub$Handler.run(MessageHub.java:404)
at org.gradle.internal.concurrent.ExecutorPolicy$CatchAndRecordFailures.onExecute(ExecutorPolicy.java:63)
at org.gradle.internal.concurrent.ManagedExecutorImpl$1.run(ManagedExecutorImpl.java:46)
at java.util.concurrent.ThreadPoolExecutor.runWorker(ThreadPoolExecutor.java:1149)
at java.util.concurrent.ThreadPoolExecutor$Worker.run(ThreadPoolExecutor.java:624)
at org.gradle.internal.concurrent.ThreadFactoryImpl$ManagedThreadRunnable.run(ThreadFactoryImpl.java:55)
at java.lang.Thread.run(Thread.java:748)
]]>
    </error>
  </testcase> <!-- testArrangeTopicsFromBottomToTop -->
  <testcase name="testcheckofflinescenario" time="8.737" classname="com.bbcnews.automation.scripts.BBCNewsRegressionTestKotlin"/>
  <testcase name="testplayingvideooffline" time="41.235" classname="com.bbcnews.automation.scripts.BBCNewsRegressionTestKotlin"/>
  <testcase name="testPlayingVideoOnLine" time="13.011" classname="com.bbcnews.automation.scripts.BBCNewsRegressionTestKotlin"/>
  <testcase name="testSelectArticleTopic" time="12.273" classname="com.bbcnews.automation.scripts.BBCNewsRegressionTestKotlin"/>
  <testcase name="testSelectVideoArticleTopic" time="18.662" classname="com.bbcnews.automation.scripts.BBCNewsRegressionTestKotlin"/>
</testsuite> <!-- com.bbcnews.automation.scripts.BBCNewsRegressionTestKotlin -->
